<?xml version="1.0" encoding="UTF-8"?>
<testsuite xmlns:xsi="http://www.w3.org/2001/XMLSchema-instance" xsi:noNamespaceSchemaLocation="https://maven.apache.org/surefire/maven-surefire-plugin/xsd/surefire-test-report-3.0.xsd" version="3.0" name="com.fawry.rbac.RbacIntegrationTest" time="6.878" tests="8" errors="0" skipped="0" failures="0">
  <properties>
[...]
</properties>
  <testcase name="login_withWrongPassword_returns401" classname="com.fawry.rbac.RbacIntegrationTest" time="0.74">
    <system-out><![CDATA[21:43:07.055 [main] INFO org.springframework.test.context.support.AnnotationConfigContextLoaderUtils -- Could not detect default configuration classes for test class [com.fawry.rbac.RbacIntegrationTest]: RbacIntegrationTest does not declare any static, non-private, non-final, nested classes annotated with @Configuration.
21:43:07.161 [main] INFO org.springframework.boot.test.context.SpringBootTestContextBootstrapper -- Found @SpringBootConfiguration com.fawry.rbac.RbacApplication for test class com.fawry.rbac.RbacIntegrationTest

  .   ____          _            __ _ _
 /\\ / ___'_ __ _ _(_)_ __  __ _ \ \ \ \
( ( )\___ | '_ | '_| | '_ \/ _` | \ \ \ \
 \\/  ___)| |_)| | | | | || (_| |  ) ) ) )
  '  |____| .__|_| |_|_| |_\__, | / / / /
 =========|_|==============|___/=/_/_/_/
 :: Spring Boot ::                (v3.2.3)

2026-03-16T21:43:07.552Z  INFO 5266 --- [role-based-mobile-app] [           main] com.fawry.rbac.RbacIntegrationTest       : Starting RbacIntegrationTest using Java 17.0.18 with PID 5266 (started by runner in /home/runner/work/Fawry-Assignment-/Fawry-Assignment-/role-based-mobile-app)
2026-03-16T21:43:07.554Z  INFO 5266 --- [role-based-mobile-app] [           main] com.fawry.rbac.RbacIntegrationTest       : The following 1 profile is active: "test"
2026-03-16T21:43:08.309Z  INFO 5266 --- [role-based-mobile-app] [           main] .s.d.r.c.RepositoryConfigurationDelegate : Bootstrapping Spring Data JPA repositories in DEFAULT mode.
2026-03-16T21:43:08.370Z  INFO 5266 --- [role-based-mobile-app] [           main] .s.d.r.c.RepositoryConfigurationDelegate : Finished Spring Data repository scanning in 53 ms. Found 3 JPA repository interfaces.
2026-03-16T21:43:08.936Z  INFO 5266 --- [role-based-mobile-app] [           main] o.hibernate.jpa.internal.util.LogHelper  : HHH000204: Processing PersistenceUnitInfo [name: default]
2026-03-16T21:43:08.987Z  INFO 5266 --- [role-based-mobile-app] [           main] org.hibernate.Version                    : HHH000412: Hibernate ORM core version 6.4.4.Final
2026-03-16T21:43:09.018Z  INFO 5266 --- [role-based-mobile-app] [           main] o.h.c.internal.RegionFactoryInitiator    : HHH000026: Second-level cache disabled
2026-03-16T21:43:09.248Z  INFO 5266 --- [role-based-mobile-app] [           main] o.s.o.j.p.SpringPersistenceUnitInfo      : No LoadTimeWeaver setup: ignoring JPA class transformer
2026-03-16T21:43:09.274Z  INFO 5266 --- [role-based-mobile-app] [           main] com.zaxxer.hikari.HikariDataSource       : HikariPool-1 - Starting...
2026-03-16T21:43:09.447Z  INFO 5266 --- [role-based-mobile-app] [           main] com.zaxxer.hikari.pool.HikariPool        : HikariPool-1 - Added connection conn0: url=jdbc:h2:mem:rbacdb user=SA
2026-03-16T21:43:09.449Z  INFO 5266 --- [role-based-mobile-app] [           main] com.zaxxer.hikari.HikariDataSource       : HikariPool-1 - Start completed.
2026-03-16T21:43:10.305Z  INFO 5266 --- [role-based-mobile-app] [           main] o.h.e.t.j.p.i.JtaPlatformInitiator       : HHH000489: No JTA platform available (set 'hibernate.transaction.jta.platform' to enable JTA platform integration)
Hibernate: 
    create table permissions (
        id bigint generated by default as identity,
        name varchar(60) not null,
        primary key (id)
    )
Hibernate: 
    create table role_permissions (
        role_id bigint not null,
        permission_id bigint not null,
        primary key (role_id, permission_id)
    )
Hibernate: 
    create table roles (
        id bigint generated by default as identity,
        name varchar(30) not null check (name in ('ROLE_ADMIN','ROLE_MODERATOR','ROLE_USER')),
        primary key (id)
    )
Hibernate: 
    create table user_roles (
        user_id bigint not null,
        role_id bigint not null,
        primary key (user_id, role_id)
    )
Hibernate: 
    create table users (
        id bigint generated by default as identity,
        email varchar(100) not null,
        enabled boolean not null,
        password varchar(255) not null,
        username varchar(50) not null,
        primary key (id)
    )
Hibernate: 
    alter table if exists permissions 
       drop constraint if exists UK_pnvtwliis6p05pn6i3ndjrqt2
Hibernate: 
    alter table if exists permissions 
       add constraint UK_pnvtwliis6p05pn6i3ndjrqt2 unique (name)
Hibernate: 
    alter table if exists roles 
       drop constraint if exists UK_ofx66keruapi6vyqpv6f2or37
Hibernate: 
    alter table if exists roles 
       add constraint UK_ofx66keruapi6vyqpv6f2or37 unique (name)
Hibernate: 
    alter table if exists users 
       drop constraint if exists UKr43af9ap4edm43mmtq01oddj6
Hibernate: 
    alter table if exists users 
       add constraint UKr43af9ap4edm43mmtq01oddj6 unique (username)
Hibernate: 
    alter table if exists users 
       drop constraint if exists UK6dotkott2kjsp8vw4d0m25fb7
Hibernate: 
    alter table if exists users 
       add constraint UK6dotkott2kjsp8vw4d0m25fb7 unique (email)
Hibernate: 
    alter table if exists role_permissions 
       add constraint FKegdk29eiy7mdtefy5c7eirr6e 
       foreign key (permission_id) 
       references permissions
Hibernate: 
    alter table if exists role_permissions 
       add constraint FKn5fotdgk8d1xvo8nav9uv3muc 
       foreign key (role_id) 
       references roles
Hibernate: 
    alter table if exists user_roles 
       add constraint FKh8ciramu9cc9q3qcqiv4ue8a6 
       foreign key (role_id) 
       references roles
Hibernate: 
    alter table if exists user_roles 
       add constraint FKhfh9dx7w3ubf1co1vdev94g3f 
       foreign key (user_id) 
       references users
2026-03-16T21:43:10.369Z  INFO 5266 --- [role-based-mobile-app] [           main] j.LocalContainerEntityManagerFactoryBean : Initialized JPA EntityManagerFactory for persistence unit 'default'
2026-03-16T21:43:10.940Z  WARN 5266 --- [role-based-mobile-app] [           main] JpaBaseConfiguration$JpaWebConfiguration : spring.jpa.open-in-view is enabled by default. Therefore, database queries may be performed during view rendering. Explicitly configure spring.jpa.open-in-view to disable this warning
2026-03-16T21:43:11.282Z  INFO 5266 --- [role-based-mobile-app] [           main] o.s.s.web.DefaultSecurityFilterChain     : Will secure any request with [org.springframework.security.web.session.DisableEncodeUrlFilter@213bd66a, org.springframework.security.web.context.request.async.WebAsyncManagerIntegrationFilter@5692863, org.springframework.security.web.context.SecurityContextHolderFilter@70fe33fa, org.springframework.security.web.header.HeaderWriterFilter@7dbe858f, org.springframework.web.filter.CorsFilter@77a1df4d, org.springframework.security.web.authentication.logout.LogoutFilter@3203a4ae, com.fawry.rbac.security.JwtAuthenticationFilter@7dda5b25, org.springframework.security.web.savedrequest.RequestCacheAwareFilter@796a7c9, org.springframework.security.web.servletapi.SecurityContextHolderAwareRequestFilter@44cab872, org.springframework.security.web.authentication.AnonymousAuthenticationFilter@5bbb0a25, org.springframework.security.web.session.SessionManagementFilter@5263f554, org.springframework.security.web.access.ExceptionTranslationFilter@643fed50, org.springframework.security.web.access.intercept.AuthorizationFilter@3c130cb2]
2026-03-16T21:43:11.583Z  INFO 5266 --- [role-based-mobile-app] [           main] o.s.b.a.h2.H2ConsoleAutoConfiguration    : H2 console available at '/h2-console'. Database available at 'jdbc:h2:mem:rbacdb'
2026-03-16T21:43:11.667Z  INFO 5266 --- [role-based-mobile-app] [           main] o.s.b.t.m.w.SpringBootMockServletContext : Initializing Spring TestDispatcherServlet ''
2026-03-16T21:43:11.668Z  INFO 5266 --- [role-based-mobile-app] [           main] o.s.t.web.servlet.TestDispatcherServlet  : Initializing Servlet ''
2026-03-16T21:43:11.669Z  INFO 5266 --- [role-based-mobile-app] [           main] o.s.t.web.servlet.TestDispatcherServlet  : Completed initialization in 1 ms
2026-03-16T21:43:11.693Z  INFO 5266 --- [role-based-mobile-app] [           main] com.fawry.rbac.RbacIntegrationTest       : Started RbacIntegrationTest in 4.399 seconds (process running for 5.274)
Hibernate: 
    select
        count(*) 
    from
        roles r1_0
Hibernate: 
    insert 
    into
        permissions
        (name, id) 
    values
        (?, default)
Hibernate: 
    insert 
    into
        permissions
        (name, id) 
    values
        (?, default)
Hibernate: 
    insert 
    into
        permissions
        (name, id) 
    values
        (?, default)
Hibernate: 
    insert 
    into
        permissions
        (name, id) 
    values
        (?, default)
Hibernate: 
    insert 
    into
        permissions
        (name, id) 
    values
        (?, default)
Hibernate: 
    insert 
    into
        roles
        (name, id) 
    values
        (?, default)
Hibernate: 
    insert 
    into
        role_permissions
        (role_id, permission_id) 
    values
        (?, ?)
Hibernate: 
    insert 
    into
        role_permissions
        (role_id, permission_id) 
    values
        (?, ?)
Hibernate: 
    insert 
    into
        role_permissions
        (role_id, permission_id) 
    values
        (?, ?)
Hibernate: 
    insert 
    into
        role_permissions
        (role_id, permission_id) 
    values
        (?, ?)
Hibernate: 
    insert 
    into
        role_permissions
        (role_id, permission_id) 
    values
        (?, ?)
Hibernate: 
    insert 
    into
        roles
        (name, id) 
    values
        (?, default)
Hibernate: 
    insert 
    into
        role_permissions
        (role_id, permission_id) 
    values
        (?, ?)
Hibernate: 
    insert 
    into
        role_permissions
        (role_id, permission_id) 
    values
        (?, ?)
Hibernate: 
    insert 
    into
        role_permissions
        (role_id, permission_id) 
    values
        (?, ?)
Hibernate: 
    insert 
    into
        roles
        (name, id) 
    values
        (?, default)
Hibernate: 
    insert 
    into
        role_permissions
        (role_id, permission_id) 
    values
        (?, ?)
Hibernate: 
    insert 
    into
        users
        (email, enabled, password, username, id) 
    values
        (?, ?, ?, ?, default)
Hibernate: 
    insert 
    into
        user_roles
        (user_id, role_id) 
    values
        (?, ?)
Hibernate: 
    insert 
    into
        users
        (email, enabled, password, username, id) 
    values
        (?, ?, ?, ?, default)
Hibernate: 
    insert 
    into
        user_roles
        (user_id, role_id) 
    values
        (?, ?)
Hibernate: 
    insert 
    into
        users
        (email, enabled, password, username, id) 
    values
        (?, ?, ?, ?, default)
Hibernate: 
    insert 
    into
        user_roles
        (user_id, role_id) 
    values
        (?, ?)
✅ Database seeded: roles, permissions and sample users created.
Hibernate: 
    select
        u1_0.id,
        u1_0.email,
        u1_0.enabled,
        u1_0.password,
        u1_0.username 
    from
        users u1_0 
    where
        u1_0.username=?
Hibernate: 
    select
        r1_0.user_id,
        r1_1.id,
        r1_1.name,
        p1_0.role_id,
        p1_1.id,
        p1_1.name 
    from
        user_roles r1_0 
    join
        roles r1_1 
            on r1_1.id=r1_0.role_id 
    left join
        role_permissions p1_0 
            on r1_1.id=p1_0.role_id 
    left join
        permissions p1_1 
            on p1_1.id=p1_0.permission_id 
    where
        r1_0.user_id=?
]]></system-out>
  </testcase>
  <testcase name="regularUserCannotAccessAdminContent" classname="com.fawry.rbac.RbacIntegrationTest" time="0.168">
    <system-out><![CDATA[Hibernate: 
    select
        u1_0.id,
        u1_0.email,
        u1_0.enabled,
        u1_0.password,
        u1_0.username 
    from
        users u1_0 
    where
        u1_0.username=?
Hibernate: 
    select
        r1_0.user_id,
        r1_1.id,
        r1_1.name,
        p1_0.role_id,
        p1_1.id,
        p1_1.name 
    from
        user_roles r1_0 
    join
        roles r1_1 
            on r1_1.id=r1_0.role_id 
    left join
        role_permissions p1_0 
            on r1_1.id=p1_0.role_id 
    left join
        permissions p1_1 
            on p1_1.id=p1_0.permission_id 
    where
        r1_0.user_id=?
Hibernate: 
    select
        p1_0.role_id,
        p1_1.id,
        p1_1.name 
    from
        role_permissions p1_0 
    join
        permissions p1_1 
            on p1_1.id=p1_0.permission_id 
    where
        p1_0.role_id=?
Hibernate: 
    select
        u1_0.id,
        u1_0.email,
        u1_0.enabled,
        u1_0.password,
        u1_0.username 
    from
        users u1_0 
    where
        u1_0.username=?
Hibernate: 
    select
        u1_0.id,
        u1_0.email,
        u1_0.enabled,
        u1_0.password,
        u1_0.username 
    from
        users u1_0 
    where
        u1_0.username=?
Hibernate: 
    select
        r1_0.user_id,
        r1_1.id,
        r1_1.name,
        p1_0.role_id,
        p1_1.id,
        p1_1.name 
    from
        user_roles r1_0 
    join
        roles r1_1 
            on r1_1.id=r1_0.role_id 
    left join
        role_permissions p1_0 
            on r1_1.id=p1_0.role_id 
    left join
        permissions p1_1 
            on p1_1.id=p1_0.permission_id 
    where
        r1_0.user_id=?
Hibernate: 
    select
        p1_0.role_id,
        p1_1.id,
        p1_1.name 
    from
        role_permissions p1_0 
    join
        permissions p1_1 
            on p1_1.id=p1_0.permission_id 
    where
        p1_0.role_id=?
]]></system-out>
  </testcase>
  <testcase name="adminCanAccessUserList" classname="com.fawry.rbac.RbacIntegrationTest" time="0.126">
    <system-out><![CDATA[Hibernate: 
    select
        u1_0.id,
        u1_0.email,
        u1_0.enabled,
        u1_0.password,
        u1_0.username 
    from
        users u1_0 
    where
        u1_0.username=?
Hibernate: 
    select
        r1_0.user_id,
        r1_1.id,
        r1_1.name,
        p1_0.role_id,
        p1_1.id,
        p1_1.name 
    from
        user_roles r1_0 
    join
        roles r1_1 
            on r1_1.id=r1_0.role_id 
    left join
        role_permissions p1_0 
            on r1_1.id=p1_0.role_id 
    left join
        permissions p1_1 
            on p1_1.id=p1_0.permission_id 
    where
        r1_0.user_id=?
Hibernate: 
    select
        u1_0.id,
        u1_0.email,
        u1_0.enabled,
        u1_0.password,
        u1_0.username 
    from
        users u1_0 
    where
        u1_0.username=?
Hibernate: 
    select
        u1_0.id,
        u1_0.email,
        u1_0.enabled,
        u1_0.password,
        u1_0.username 
    from
        users u1_0 
    where
        u1_0.username=?
Hibernate: 
    select
        r1_0.user_id,
        r1_1.id,
        r1_1.name,
        p1_0.role_id,
        p1_1.id,
        p1_1.name 
    from
        user_roles r1_0 
    join
        roles r1_1 
            on r1_1.id=r1_0.role_id 
    left join
        role_permissions p1_0 
            on r1_1.id=p1_0.role_id 
    left join
        permissions p1_1 
            on p1_1.id=p1_0.permission_id 
    where
        r1_0.user_id=?
Hibernate: 
    select
        u1_0.id,
        u1_0.email,
        u1_0.enabled,
        u1_0.password,
        u1_0.username 
    from
        users u1_0
Hibernate: 
    select
        r1_0.user_id,
        r1_1.id,
        r1_1.name,
        p1_0.role_id,
        p1_1.id,
        p1_1.name 
    from
        user_roles r1_0 
    join
        roles r1_1 
            on r1_1.id=r1_0.role_id 
    left join
        role_permissions p1_0 
            on r1_1.id=p1_0.role_id 
    left join
        permissions p1_1 
            on p1_1.id=p1_0.permission_id 
    where
        r1_0.user_id=?
Hibernate: 
    select
        p1_0.role_id,
        p1_1.id,
        p1_1.name 
    from
        role_permissions p1_0 
    join
        permissions p1_1 
            on p1_1.id=p1_0.permission_id 
    where
        p1_0.role_id=?
Hibernate: 
    select
        r1_0.user_id,
        r1_1.id,
        r1_1.name,
        p1_0.role_id,
        p1_1.id,
        p1_1.name 
    from
        user_roles r1_0 
    join
        roles r1_1 
            on r1_1.id=r1_0.role_id 
    left join
        role_permissions p1_0 
            on r1_1.id=p1_0.role_id 
    left join
        permissions p1_1 
            on p1_1.id=p1_0.permission_id 
    where
        r1_0.user_id=?
Hibernate: 
    select
        p1_0.role_id,
        p1_1.id,
        p1_1.name 
    from
        role_permissions p1_0 
    join
        permissions p1_1 
            on p1_1.id=p1_0.permission_id 
    where
        p1_0.role_id=?
Hibernate: 
    select
        r1_0.user_id,
        r1_1.id,
        r1_1.name,
        p1_0.role_id,
        p1_1.id,
        p1_1.name 
    from
        user_roles r1_0 
    join
        roles r1_1 
            on r1_1.id=r1_0.role_id 
    left join
        role_permissions p1_0 
            on r1_1.id=p1_0.role_id 
    left join
        permissions p1_1 
            on p1_1.id=p1_0.permission_id 
    where
        r1_0.user_id=?
]]></system-out>
  </testcase>
  <testcase name="register_withValidData_returns200" classname="com.fawry.rbac.RbacIntegrationTest" time="0.129">
    <system-out><![CDATA[Hibernate: 
    select
        u1_0.id 
    from
        users u1_0 
    where
        u1_0.username=? 
    fetch
        first ? rows only
Hibernate: 
    select
        u1_0.id 
    from
        users u1_0 
    where
        u1_0.email=? 
    fetch
        first ? rows only
Hibernate: 
    select
        r1_0.id,
        r1_0.name 
    from
        roles r1_0 
    where
        r1_0.name=?
Hibernate: 
    select
        p1_0.role_id,
        p1_1.id,
        p1_1.name 
    from
        role_permissions p1_0 
    join
        permissions p1_1 
            on p1_1.id=p1_0.permission_id 
    where
        p1_0.role_id=?
Hibernate: 
    insert 
    into
        users
        (email, enabled, password, username, id) 
    values
        (?, ?, ?, ?, default)
Hibernate: 
    insert 
    into
        user_roles
        (user_id, role_id) 
    values
        (?, ?)
]]></system-out>
  </testcase>
  <testcase name="login_withValidAdminCredentials_returnsJwtAndRoles" classname="com.fawry.rbac.RbacIntegrationTest" time="0.095">
    <system-out><![CDATA[Hibernate: 
    select
        u1_0.id,
        u1_0.email,
        u1_0.enabled,
        u1_0.password,
        u1_0.username 
    from
        users u1_0 
    where
        u1_0.username=?
Hibernate: 
    select
        r1_0.user_id,
        r1_1.id,
        r1_1.name,
        p1_0.role_id,
        p1_1.id,
        p1_1.name 
    from
        user_roles r1_0 
    join
        roles r1_1 
            on r1_1.id=r1_0.role_id 
    left join
        role_permissions p1_0 
            on r1_1.id=p1_0.role_id 
    left join
        permissions p1_1 
            on p1_1.id=p1_0.permission_id 
    where
        r1_0.user_id=?
Hibernate: 
    select
        u1_0.id,
        u1_0.email,
        u1_0.enabled,
        u1_0.password,
        u1_0.username 
    from
        users u1_0 
    where
        u1_0.username=?
]]></system-out>
  </testcase>
  <testcase name="unauthenticatedRequest_returns401" classname="com.fawry.rbac.RbacIntegrationTest" time="0.005"/>
  <testcase name="moderatorCanAccessModeratedContent" classname="com.fawry.rbac.RbacIntegrationTest" time="0.102">
    <system-out><![CDATA[Hibernate: 
    select
        u1_0.id,
        u1_0.email,
        u1_0.enabled,
        u1_0.password,
        u1_0.username 
    from
        users u1_0 
    where
        u1_0.username=?
Hibernate: 
    select
        r1_0.user_id,
        r1_1.id,
        r1_1.name,
        p1_0.role_id,
        p1_1.id,
        p1_1.name 
    from
        user_roles r1_0 
    join
        roles r1_1 
            on r1_1.id=r1_0.role_id 
    left join
        role_permissions p1_0 
            on r1_1.id=p1_0.role_id 
    left join
        permissions p1_1 
            on p1_1.id=p1_0.permission_id 
    where
        r1_0.user_id=?
Hibernate: 
    select
        p1_0.role_id,
        p1_1.id,
        p1_1.name 
    from
        role_permissions p1_0 
    join
        permissions p1_1 
            on p1_1.id=p1_0.permission_id 
    where
        p1_0.role_id=?
Hibernate: 
    select
        u1_0.id,
        u1_0.email,
        u1_0.enabled,
        u1_0.password,
        u1_0.username 
    from
        users u1_0 
    where
        u1_0.username=?
Hibernate: 
    select
        u1_0.id,
        u1_0.email,
        u1_0.enabled,
        u1_0.password,
        u1_0.username 
    from
        users u1_0 
    where
        u1_0.username=?
Hibernate: 
    select
        r1_0.user_id,
        r1_1.id,
        r1_1.name,
        p1_0.role_id,
        p1_1.id,
        p1_1.name 
    from
        user_roles r1_0 
    join
        roles r1_1 
            on r1_1.id=r1_0.role_id 
    left join
        role_permissions p1_0 
            on r1_1.id=p1_0.role_id 
    left join
        permissions p1_1 
            on p1_1.id=p1_0.permission_id 
    where
        r1_0.user_id=?
Hibernate: 
    select
        p1_0.role_id,
        p1_1.id,
        p1_1.name 
    from
        role_permissions p1_0 
    join
        permissions p1_1 
            on p1_1.id=p1_0.permission_id 
    where
        p1_0.role_id=?
]]></system-out>
  </testcase>
  <testcase name="regularUserCannotAccessUserList" classname="com.fawry.rbac.RbacIntegrationTest" time="0.102">
    <system-out><![CDATA[Hibernate: 
    select
        u1_0.id,
        u1_0.email,
        u1_0.enabled,
        u1_0.password,
        u1_0.username 
    from
        users u1_0 
    where
        u1_0.username=?
Hibernate: 
    select
        r1_0.user_id,
        r1_1.id,
        r1_1.name,
        p1_0.role_id,
        p1_1.id,
        p1_1.name 
    from
        user_roles r1_0 
    join
        roles r1_1 
            on r1_1.id=r1_0.role_id 
    left join
        role_permissions p1_0 
            on r1_1.id=p1_0.role_id 
    left join
        permissions p1_1 
            on p1_1.id=p1_0.permission_id 
    where
        r1_0.user_id=?
Hibernate: 
    select
        p1_0.role_id,
        p1_1.id,
        p1_1.name 
    from
        role_permissions p1_0 
    join
        permissions p1_1 
            on p1_1.id=p1_0.permission_id 
    where
        p1_0.role_id=?
Hibernate: 
    select
        u1_0.id,
        u1_0.email,
        u1_0.enabled,
        u1_0.password,
        u1_0.username 
    from
        users u1_0 
    where
        u1_0.username=?
Hibernate: 
    select
        u1_0.id,
        u1_0.email,
        u1_0.enabled,
        u1_0.password,
        u1_0.username 
    from
        users u1_0 
    where
        u1_0.username=?
Hibernate: 
    select
        r1_0.user_id,
        r1_1.id,
        r1_1.name,
        p1_0.role_id,
        p1_1.id,
        p1_1.name 
    from
        user_roles r1_0 
    join
        roles r1_1 
            on r1_1.id=r1_0.role_id 
    left join
        role_permissions p1_0 
            on r1_1.id=p1_0.role_id 
    left join
        permissions p1_1 
            on p1_1.id=p1_0.permission_id 
    where
        r1_0.user_id=?
Hibernate: 
    select
        p1_0.role_id,
        p1_1.id,
        p1_1.name 
    from
        role_permissions p1_0 
    join
        permissions p1_1 
            on p1_1.id=p1_0.permission_id 
    where
        p1_0.role_id=?
]]></system-out>
  </testcase>
</testsuite>